Analysis & Synthesis report for Keyboard
Fri May 15 10:37:39 2015
Quartus II Version 9.1 Build 304 01/25/2010 Service Pack 1 SJ Web Edition


---------------------
; Table of Contents ;
---------------------
  1. Legal Notice
  2. Analysis & Synthesis Summary
  3. Analysis & Synthesis Settings
  4. Parallel Compilation
  5. Analysis & Synthesis Source Files Read
  6. Analysis & Synthesis Resource Usage Summary
  7. Analysis & Synthesis Resource Utilization by Entity
  8. State Machine - |keyboard_interfaces|keyboard_interface:inst|ps2_rec:rec|current_state
  9. Registers Removed During Synthesis
 10. Removed Registers Triggering Further Register Optimizations
 11. General Register Statistics
 12. Multiplexer Restructuring Statistics (Restructuring Performed)
 13. Port Connectivity Checks: "keyboard_interface:inst|hex_to_seven:sev"
 14. Analysis & Synthesis Messages



----------------
; Legal Notice ;
----------------
Copyright (C) 1991-2010 Altera Corporation
Your use of Altera Corporation's design tools, logic functions 
and other software and tools, and its AMPP partner logic 
functions, and any output files from any of the foregoing 
(including device programming or simulation files), and any 
associated documentation or information are expressly subject 
to the terms and conditions of the Altera Program License 
Subscription Agreement, Altera MegaCore Function License 
Agreement, or other applicable license agreement, including, 
without limitation, that your use is for the sole purpose of 
programming logic devices manufactured by Altera and sold by 
Altera or its authorized distributors.  Please refer to the 
applicable agreement for further details.



+-----------------------------------------------------------------------------------+
; Analysis & Synthesis Summary                                                      ;
+------------------------------------+----------------------------------------------+
; Analysis & Synthesis Status        ; Successful - Fri May 15 10:37:39 2015        ;
; Quartus II Version                 ; 9.1 Build 304 01/25/2010 SP 1 SJ Web Edition ;
; Revision Name                      ; Keyboard                                     ;
; Top-level Entity Name              ; keyboard_interfaces                          ;
; Family                             ; Cyclone II                                   ;
; Total logic elements               ; 0                                            ;
;     Total combinational functions  ; 0                                            ;
;     Dedicated logic registers      ; 0                                            ;
; Total registers                    ; 0                                            ;
; Total pins                         ; 61                                           ;
; Total virtual pins                 ; 0                                            ;
; Total memory bits                  ; 0                                            ;
; Embedded Multiplier 9-bit elements ; 0                                            ;
; Total PLLs                         ; 0                                            ;
+------------------------------------+----------------------------------------------+


+-----------------------------------------------------------------------------------------------------------------------+
; Analysis & Synthesis Settings                                                                                         ;
+----------------------------------------------------------------------------+---------------------+--------------------+
; Option                                                                     ; Setting             ; Default Value      ;
+----------------------------------------------------------------------------+---------------------+--------------------+
; Device                                                                     ; EP2C35F672C6        ;                    ;
; Top-level entity name                                                      ; keyboard_interfaces ; Keyboard           ;
; Family name                                                                ; Cyclone II          ; Stratix II         ;
; Use Generated Physical Constraints File                                    ; Off                 ;                    ;
; Use smart compilation                                                      ; Off                 ; Off                ;
; Enable parallel Assembler and TimeQuest Timing Analyzer during compilation ; On                  ; On                 ;
; Enable compact report table                                                ; Off                 ; Off                ;
; Restructure Multiplexers                                                   ; Auto                ; Auto               ;
; Create Debugging Nodes for IP Cores                                        ; Off                 ; Off                ;
; Preserve fewer node names                                                  ; On                  ; On                 ;
; Disable OpenCore Plus hardware evaluation                                  ; Off                 ; Off                ;
; Verilog Version                                                            ; Verilog_2001        ; Verilog_2001       ;
; VHDL Version                                                               ; VHDL_1993           ; VHDL_1993          ;
; State Machine Processing                                                   ; Auto                ; Auto               ;
; Safe State Machine                                                         ; Off                 ; Off                ;
; Extract Verilog State Machines                                             ; On                  ; On                 ;
; Extract VHDL State Machines                                                ; On                  ; On                 ;
; Ignore Verilog initial constructs                                          ; Off                 ; Off                ;
; Iteration limit for constant Verilog loops                                 ; 5000                ; 5000               ;
; Iteration limit for non-constant Verilog loops                             ; 250                 ; 250                ;
; Add Pass-Through Logic to Inferred RAMs                                    ; On                  ; On                 ;
; Parallel Synthesis                                                         ; On                  ; On                 ;
; DSP Block Balancing                                                        ; Auto                ; Auto               ;
; NOT Gate Push-Back                                                         ; On                  ; On                 ;
; Power-Up Don't Care                                                        ; On                  ; On                 ;
; Remove Redundant Logic Cells                                               ; Off                 ; Off                ;
; Remove Duplicate Registers                                                 ; On                  ; On                 ;
; Ignore CARRY Buffers                                                       ; Off                 ; Off                ;
; Ignore CASCADE Buffers                                                     ; Off                 ; Off                ;
; Ignore GLOBAL Buffers                                                      ; Off                 ; Off                ;
; Ignore ROW GLOBAL Buffers                                                  ; Off                 ; Off                ;
; Ignore LCELL Buffers                                                       ; Off                 ; Off                ;
; Ignore SOFT Buffers                                                        ; On                  ; On                 ;
; Limit AHDL Integers to 32 Bits                                             ; Off                 ; Off                ;
; Optimization Technique                                                     ; Balanced            ; Balanced           ;
; Carry Chain Length                                                         ; 70                  ; 70                 ;
; Auto Carry Chains                                                          ; On                  ; On                 ;
; Auto Open-Drain Pins                                                       ; On                  ; On                 ;
; Perform WYSIWYG Primitive Resynthesis                                      ; Off                 ; Off                ;
; Auto ROM Replacement                                                       ; On                  ; On                 ;
; Auto RAM Replacement                                                       ; On                  ; On                 ;
; Auto Shift Register Replacement                                            ; Auto                ; Auto               ;
; Auto Clock Enable Replacement                                              ; On                  ; On                 ;
; Strict RAM Replacement                                                     ; Off                 ; Off                ;
; Allow Synchronous Control Signals                                          ; On                  ; On                 ;
; Force Use of Synchronous Clear Signals                                     ; Off                 ; Off                ;
; Auto RAM to Logic Cell Conversion                                          ; Off                 ; Off                ;
; Auto Resource Sharing                                                      ; Off                 ; Off                ;
; Allow Any RAM Size For Recognition                                         ; Off                 ; Off                ;
; Allow Any ROM Size For Recognition                                         ; Off                 ; Off                ;
; Allow Any Shift Register Size For Recognition                              ; Off                 ; Off                ;
; Use LogicLock Constraints during Resource Balancing                        ; On                  ; On                 ;
; Ignore translate_off and synthesis_off directives                          ; Off                 ; Off                ;
; Timing-Driven Synthesis                                                    ; Off                 ; Off                ;
; Show Parameter Settings Tables in Synthesis Report                         ; On                  ; On                 ;
; Ignore Maximum Fan-Out Assignments                                         ; Off                 ; Off                ;
; Synchronization Register Chain Length                                      ; 2                   ; 2                  ;
; PowerPlay Power Optimization                                               ; Normal compilation  ; Normal compilation ;
; HDL message level                                                          ; Level2              ; Level2             ;
; Suppress Register Optimization Related Messages                            ; Off                 ; Off                ;
; Number of Removed Registers Reported in Synthesis Report                   ; 5000                ; 5000               ;
; Number of Inverted Registers Reported in Synthesis Report                  ; 100                 ; 100                ;
; Clock MUX Protection                                                       ; On                  ; On                 ;
; Auto Gated Clock Conversion                                                ; Off                 ; Off                ;
; Block Design Naming                                                        ; Auto                ; Auto               ;
; SDC constraint protection                                                  ; Off                 ; Off                ;
; Synthesis Effort                                                           ; Auto                ; Auto               ;
; Shift Register Replacement - Allow Asynchronous Clear Signal               ; On                  ; On                 ;
; Analysis & Synthesis Message Level                                         ; Medium              ; Medium             ;
; Disable Register Merging Across Hierarchies                                ; Auto                ; Auto               ;
; Resource Aware Inference For Block RAM                                     ; On                  ; On                 ;
+----------------------------------------------------------------------------+---------------------+--------------------+


Parallel compilation was disabled, but you have multiple processors available. Enable parallel compilation to reduce compilation time.
+-------------------------------------+
; Parallel Compilation                ;
+----------------------------+--------+
; Processors                 ; Number ;
+----------------------------+--------+
; Number detected on machine ; 2      ;
; Maximum allowed            ; 1      ;
+----------------------------+--------+


+---------------------------------------------------------------------------------------------------------------------------------------------------------------------------------+
; Analysis & Synthesis Source Files Read                                                                                                                                          ;
+----------------------------------+-----------------+------------------------------------+---------------------------------------------------------------------------------------+
; File Name with User-Entered Path ; Used in Netlist ; File Type                          ; File Name with Absolute Path                                                          ;
+----------------------------------+-----------------+------------------------------------+---------------------------------------------------------------------------------------+
; shift_detector.vhd               ; yes             ; User VHDL File                     ; C:/Users/brandon/Documents/Systems Organization/Lab6_Keyboard/shift_detector.vhd      ;
; scan_code_to_ascii.vhd           ; yes             ; User VHDL File                     ; C:/Users/brandon/Documents/Systems Organization/Lab6_Keyboard/scan_code_to_ascii.vhd  ;
; ps2_rec.vhd                      ; yes             ; User VHDL File                     ; C:/Users/brandon/Documents/Systems Organization/Lab6_Keyboard/ps2_rec.vhd             ;
; keyboard_interface.vhd           ; yes             ; User VHDL File                     ; C:/Users/brandon/Documents/Systems Organization/Lab6_Keyboard/keyboard_interface.vhd  ;
; hex_to_seven.vhd                 ; yes             ; User VHDL File                     ; C:/Users/brandon/Documents/Systems Organization/Lab6_Keyboard/hex_to_seven.vhd        ;
; dec_7seg_hex.vhd                 ; yes             ; User VHDL File                     ; C:/Users/brandon/Documents/Systems Organization/Lab6_Keyboard/dec_7seg_hex.vhd        ;
; keyboard_interfaces.bdf          ; yes             ; User Block Diagram/Schematic File  ; C:/Users/brandon/Documents/Systems Organization/Lab6_Keyboard/keyboard_interfaces.bdf ;
+----------------------------------+-----------------+------------------------------------+---------------------------------------------------------------------------------------+


+-----------------------------------------------------+
; Analysis & Synthesis Resource Usage Summary         ;
+---------------------------------------------+-------+
; Resource                                    ; Usage ;
+---------------------------------------------+-------+
;                                             ;       ;
; Total combinational functions               ; 0     ;
; Logic element usage by number of LUT inputs ;       ;
;     -- 4 input functions                    ; 0     ;
;     -- 3 input functions                    ; 0     ;
;     -- <=2 input functions                  ; 0     ;
;                                             ;       ;
; Logic elements by mode                      ;       ;
;     -- normal mode                          ; 0     ;
;     -- arithmetic mode                      ; 0     ;
;                                             ;       ;
; Total registers                             ; 0     ;
;     -- Dedicated logic registers            ; 0     ;
;     -- I/O registers                        ; 0     ;
;                                             ;       ;
; I/O pins                                    ; 61    ;
+---------------------------------------------+-------+


+------------------------------------------------------------------------------------------------------------------------------------------------------------------------------+
; Analysis & Synthesis Resource Utilization by Entity                                                                                                                          ;
+----------------------------+-------------------+--------------+-------------+--------------+---------+-----------+------+--------------+----------------------+--------------+
; Compilation Hierarchy Node ; LC Combinationals ; LC Registers ; Memory Bits ; DSP Elements ; DSP 9x9 ; DSP 18x18 ; Pins ; Virtual Pins ; Full Hierarchy Name  ; Library Name ;
+----------------------------+-------------------+--------------+-------------+--------------+---------+-----------+------+--------------+----------------------+--------------+
; |keyboard_interfaces       ; 0 (0)             ; 0 (0)        ; 0           ; 0            ; 0       ; 0         ; 61   ; 0            ; |keyboard_interfaces ; work         ;
+----------------------------+-------------------+--------------+-------------+--------------+---------+-----------+------+--------------+----------------------+--------------+
Note: For table entries with two numbers listed, the numbers in parentheses indicate the number of resources of the given type used by the specific entity alone. The numbers listed outside of parentheses indicate the total resources of the given type used by the specific entity and all of its sub-entities in the hierarchy.


Encoding Type:  One-Hot
+-----------------------------------------------------------------------------------------+
; State Machine - |keyboard_interfaces|keyboard_interface:inst|ps2_rec:rec|current_state  ;
+-----------------------+--------------------+-----------------------+--------------------+
; Name                  ; current_state.done ; current_state.receive ; current_state.idle ;
+-----------------------+--------------------+-----------------------+--------------------+
; current_state.idle    ; 0                  ; 0                     ; 0                  ;
; current_state.receive ; 0                  ; 1                     ; 1                  ;
; current_state.done    ; 1                  ; 0                     ; 1                  ;
+-----------------------+--------------------+-----------------------+--------------------+


+--------------------------------------------------------------------------------+
; Registers Removed During Synthesis                                             ;
+-----------------------------------------------------------+--------------------+
; Register name                                             ; Reason for Removal ;
+-----------------------------------------------------------+--------------------+
; keyboard_interface:inst|ps2_rec:rec|current_filter_clock  ; Lost fanout        ;
; keyboard_interface:inst|ps2_rec:rec|current_filter[0..7]  ; Lost fanout        ;
; keyboard_interface:inst|ps2_rec:rec|current_n[0..3]       ; Lost fanout        ;
; keyboard_interface:inst|ps2_rec:rec|current_state.idle    ; Lost fanout        ;
; keyboard_interface:inst|ps2_rec:rec|current_state.receive ; Lost fanout        ;
; keyboard_interface:inst|ps2_rec:rec|current_state.done    ; Lost fanout        ;
; Total Number of Removed Registers = 16                    ;                    ;
+-----------------------------------------------------------+--------------------+


+----------------------------------------------------------------------------------------------------------------------------------------+
; Removed Registers Triggering Further Register Optimizations                                                                            ;
+----------------------------------------------------------+--------------------+--------------------------------------------------------+
; Register name                                            ; Reason for Removal ; Registers Removed due to This Register                 ;
+----------------------------------------------------------+--------------------+--------------------------------------------------------+
; keyboard_interface:inst|ps2_rec:rec|current_filter_clock ; Lost Fanouts       ; keyboard_interface:inst|ps2_rec:rec|current_filter[7], ;
;                                                          ;                    ; keyboard_interface:inst|ps2_rec:rec|current_filter[6], ;
;                                                          ;                    ; keyboard_interface:inst|ps2_rec:rec|current_filter[5], ;
;                                                          ;                    ; keyboard_interface:inst|ps2_rec:rec|current_filter[4], ;
;                                                          ;                    ; keyboard_interface:inst|ps2_rec:rec|current_filter[3], ;
;                                                          ;                    ; keyboard_interface:inst|ps2_rec:rec|current_filter[2]  ;
; keyboard_interface:inst|ps2_rec:rec|current_n[3]         ; Lost Fanouts       ; keyboard_interface:inst|ps2_rec:rec|current_n[2],      ;
;                                                          ;                    ; keyboard_interface:inst|ps2_rec:rec|current_n[1],      ;
;                                                          ;                    ; keyboard_interface:inst|ps2_rec:rec|current_n[0]       ;
+----------------------------------------------------------+--------------------+--------------------------------------------------------+


+------------------------------------------------------+
; General Register Statistics                          ;
+----------------------------------------------+-------+
; Statistic                                    ; Value ;
+----------------------------------------------+-------+
; Total registers                              ; 0     ;
; Number of registers using Synchronous Clear  ; 0     ;
; Number of registers using Synchronous Load   ; 0     ;
; Number of registers using Asynchronous Clear ; 0     ;
; Number of registers using Asynchronous Load  ; 0     ;
; Number of registers using Clock Enable       ; 0     ;
; Number of registers using Preset             ; 0     ;
+----------------------------------------------+-------+


+-------------------------------------------------------------------------------------------------------------------------------------------------------------------------------------+
; Multiplexer Restructuring Statistics (Restructuring Performed)                                                                                                                      ;
+--------------------+-----------+---------------+----------------------+------------------------+------------+-----------------------------------------------------------------------+
; Multiplexer Inputs ; Bus Width ; Baseline Area ; Area if Restructured ; Saving if Restructured ; Registered ; Example Multiplexer Output                                            ;
+--------------------+-----------+---------------+----------------------+------------------------+------------+-----------------------------------------------------------------------+
; 6:1                ; 4 bits    ; 16 LEs        ; 4 LEs                ; 12 LEs                 ; Yes        ; |keyboard_interfaces|keyboard_interface:inst|ps2_rec:rec|current_n[3] ;
; 3:1                ; 2 bits    ; 4 LEs         ; 2 LEs                ; 2 LEs                  ; No         ; |keyboard_interfaces|keyboard_interface:inst|ps2_rec:rec|next_state   ;
+--------------------+-----------+---------------+----------------------+------------------------+------------+-----------------------------------------------------------------------+


+----------------------------------------------------------------------+
; Port Connectivity Checks: "keyboard_interface:inst|hex_to_seven:sev" ;
+--------------+-------+----------+------------------------------------+
; Port         ; Type  ; Severity ; Details                            ;
+--------------+-------+----------+------------------------------------+
; input[23..8] ; Input ; Info     ; Stuck at GND                       ;
+--------------+-------+----------+------------------------------------+


+-------------------------------+
; Analysis & Synthesis Messages ;
+-------------------------------+
Info: *******************************************************************
Info: Running Quartus II Analysis & Synthesis
    Info: Version 9.1 Build 304 01/25/2010 Service Pack 1 SJ Web Edition
    Info: Processing started: Fri May 15 10:37:33 2015
Info: Command: quartus_map --read_settings_files=on --write_settings_files=off Keyboard -c Keyboard
Info: Found 2 design units, including 1 entities, in source file test_ps2_rec.vhd
    Info: Found design unit 1: Test_ps2_rec-arch_test
    Info: Found entity 1: Test_ps2_rec
Info: Found 2 design units, including 1 entities, in source file shift_detector.vhd
    Info: Found design unit 1: shift_detector-arch
    Info: Found entity 1: shift_detector
Info: Found 2 design units, including 1 entities, in source file scan_code_to_ascii.vhd
    Info: Found design unit 1: scan_code_to_ascii-arch
    Info: Found entity 1: scan_code_to_ascii
Info: Found 2 design units, including 1 entities, in source file ps2_rec.vhd
    Info: Found design unit 1: ps2_rec-arch
    Info: Found entity 1: ps2_rec
Info: Found 2 design units, including 1 entities, in source file keyboard_interface.vhd
    Info: Found design unit 1: keyboard_interface-bdf_type
    Info: Found entity 1: keyboard_interface
Info: Found 2 design units, including 1 entities, in source file hex_to_seven.vhd
    Info: Found design unit 1: hex_to_seven-a
    Info: Found entity 1: hex_to_seven
Info: Found 2 design units, including 1 entities, in source file dec_7seg_hex.vhd
    Info: Found design unit 1: dec_7seg_hex-a
    Info: Found entity 1: dec_7seg_hex
Info: Found 1 design units, including 1 entities, in source file keyboard_interfaces.bdf
    Info: Found entity 1: keyboard_interfaces
Info: Elaborating entity "keyboard_interfaces" for the top level hierarchy
Warning: Pin "display[55..0]" is missing source
Info: Elaborating entity "keyboard_interface" for hierarchy "keyboard_interface:inst"
Info: Elaborating entity "ps2_rec" for hierarchy "keyboard_interface:inst|ps2_rec:rec"
Warning (10492): VHDL Process Statement warning at ps2_rec.vhd(67): signal "rec_en" is read inside the Process Statement but isn't in the Process Statement's sensitivity list
Info: Elaborating entity "hex_to_seven" for hierarchy "keyboard_interface:inst|hex_to_seven:sev"
Info: Elaborating entity "dec_7seg_hex" for hierarchy "keyboard_interface:inst|hex_to_seven:sev|dec_7seg_hex:d0"
Warning (10492): VHDL Process Statement warning at dec_7seg_hex.vhd(19): signal "en" is read inside the Process Statement but isn't in the Process Statement's sensitivity list
Warning (10631): VHDL Process Statement warning at dec_7seg_hex.vhd(16): inferring latch(es) for signal or variable "segment_data", which holds its previous value in one or more paths through the process
Info (10041): Inferred latch for "segment_data[0]" at dec_7seg_hex.vhd(16)
Info (10041): Inferred latch for "segment_data[1]" at dec_7seg_hex.vhd(16)
Info (10041): Inferred latch for "segment_data[2]" at dec_7seg_hex.vhd(16)
Info (10041): Inferred latch for "segment_data[3]" at dec_7seg_hex.vhd(16)
Info (10041): Inferred latch for "segment_data[4]" at dec_7seg_hex.vhd(16)
Info (10041): Inferred latch for "segment_data[5]" at dec_7seg_hex.vhd(16)
Info (10041): Inferred latch for "segment_data[6]" at dec_7seg_hex.vhd(16)
Info: Elaborating entity "shift_detector" for hierarchy "keyboard_interface:inst|shift_detector:shft"
Info: Elaborating entity "scan_code_to_ascii" for hierarchy "keyboard_interface:inst|scan_code_to_ascii:ascii"
Warning (10631): VHDL Process Statement warning at scan_code_to_ascii.vhd(13): inferring latch(es) for signal or variable "ascii", which holds its previous value in one or more paths through the process
Info (10041): Inferred latch for "ascii[0]" at scan_code_to_ascii.vhd(13)
Info (10041): Inferred latch for "ascii[1]" at scan_code_to_ascii.vhd(13)
Info (10041): Inferred latch for "ascii[2]" at scan_code_to_ascii.vhd(13)
Info (10041): Inferred latch for "ascii[3]" at scan_code_to_ascii.vhd(13)
Info (10041): Inferred latch for "ascii[4]" at scan_code_to_ascii.vhd(13)
Info (10041): Inferred latch for "ascii[5]" at scan_code_to_ascii.vhd(13)
Info (10041): Inferred latch for "ascii[6]" at scan_code_to_ascii.vhd(13)
Info (10041): Inferred latch for "ascii[7]" at scan_code_to_ascii.vhd(13)
Warning: Node "keyboard_interface:inst|ps2D" is stuck at GND because node is in wire loop and does not have a source
Warning: Node "keyboard_interface:inst|ps2C" is stuck at GND because node is in wire loop and does not have a source
Warning: The following bidir pins have no drivers
    Warning: Bidir "ps2D" has no driver
    Warning: Bidir "ps2C" has no driver
Warning: Output pins are stuck at VCC or GND
    Warning (13410): Pin "display[55]" is stuck at GND
    Warning (13410): Pin "display[54]" is stuck at GND
    Warning (13410): Pin "display[53]" is stuck at GND
    Warning (13410): Pin "display[52]" is stuck at GND
    Warning (13410): Pin "display[51]" is stuck at GND
    Warning (13410): Pin "display[50]" is stuck at GND
    Warning (13410): Pin "display[49]" is stuck at GND
    Warning (13410): Pin "display[48]" is stuck at GND
    Warning (13410): Pin "display[47]" is stuck at GND
    Warning (13410): Pin "display[46]" is stuck at GND
    Warning (13410): Pin "display[45]" is stuck at GND
    Warning (13410): Pin "display[44]" is stuck at GND
    Warning (13410): Pin "display[43]" is stuck at GND
    Warning (13410): Pin "display[42]" is stuck at GND
    Warning (13410): Pin "display[41]" is stuck at GND
    Warning (13410): Pin "display[40]" is stuck at GND
    Warning (13410): Pin "display[39]" is stuck at GND
    Warning (13410): Pin "display[38]" is stuck at GND
    Warning (13410): Pin "display[37]" is stuck at GND
    Warning (13410): Pin "display[36]" is stuck at GND
    Warning (13410): Pin "display[35]" is stuck at GND
    Warning (13410): Pin "display[34]" is stuck at GND
    Warning (13410): Pin "display[33]" is stuck at GND
    Warning (13410): Pin "display[32]" is stuck at GND
    Warning (13410): Pin "display[31]" is stuck at GND
    Warning (13410): Pin "display[30]" is stuck at GND
    Warning (13410): Pin "display[29]" is stuck at GND
    Warning (13410): Pin "display[28]" is stuck at GND
    Warning (13410): Pin "display[27]" is stuck at GND
    Warning (13410): Pin "display[26]" is stuck at GND
    Warning (13410): Pin "display[25]" is stuck at GND
    Warning (13410): Pin "display[24]" is stuck at GND
    Warning (13410): Pin "display[23]" is stuck at GND
    Warning (13410): Pin "display[22]" is stuck at GND
    Warning (13410): Pin "display[21]" is stuck at GND
    Warning (13410): Pin "display[20]" is stuck at GND
    Warning (13410): Pin "display[19]" is stuck at GND
    Warning (13410): Pin "display[18]" is stuck at GND
    Warning (13410): Pin "display[17]" is stuck at GND
    Warning (13410): Pin "display[16]" is stuck at GND
    Warning (13410): Pin "display[15]" is stuck at GND
    Warning (13410): Pin "display[14]" is stuck at GND
    Warning (13410): Pin "display[13]" is stuck at GND
    Warning (13410): Pin "display[12]" is stuck at GND
    Warning (13410): Pin "display[11]" is stuck at GND
    Warning (13410): Pin "display[10]" is stuck at GND
    Warning (13410): Pin "display[9]" is stuck at GND
    Warning (13410): Pin "display[8]" is stuck at GND
    Warning (13410): Pin "display[7]" is stuck at GND
    Warning (13410): Pin "display[6]" is stuck at GND
    Warning (13410): Pin "display[5]" is stuck at GND
    Warning (13410): Pin "display[4]" is stuck at GND
    Warning (13410): Pin "display[3]" is stuck at GND
    Warning (13410): Pin "display[2]" is stuck at GND
    Warning (13410): Pin "display[1]" is stuck at GND
    Warning (13410): Pin "display[0]" is stuck at GND
Info: 16 registers lost all their fanouts during netlist optimizations. The first 16 are displayed below.
    Info: Register "keyboard_interface:inst|ps2_rec:rec|current_filter_clock" lost all its fanouts during netlist optimizations.
    Info: Register "keyboard_interface:inst|ps2_rec:rec|current_filter[7]" lost all its fanouts during netlist optimizations.
    Info: Register "keyboard_interface:inst|ps2_rec:rec|current_filter[6]" lost all its fanouts during netlist optimizations.
    Info: Register "keyboard_interface:inst|ps2_rec:rec|current_filter[5]" lost all its fanouts during netlist optimizations.
    Info: Register "keyboard_interface:inst|ps2_rec:rec|current_filter[4]" lost all its fanouts during netlist optimizations.
    Info: Register "keyboard_interface:inst|ps2_rec:rec|current_filter[3]" lost all its fanouts during netlist optimizations.
    Info: Register "keyboard_interface:inst|ps2_rec:rec|current_filter[2]" lost all its fanouts during netlist optimizations.
    Info: Register "keyboard_interface:inst|ps2_rec:rec|current_filter[1]" lost all its fanouts during netlist optimizations.
    Info: Register "keyboard_interface:inst|ps2_rec:rec|current_filter[0]" lost all its fanouts during netlist optimizations.
    Info: Register "keyboard_interface:inst|ps2_rec:rec|current_n[3]" lost all its fanouts during netlist optimizations.
    Info: Register "keyboard_interface:inst|ps2_rec:rec|current_n[2]" lost all its fanouts during netlist optimizations.
    Info: Register "keyboard_interface:inst|ps2_rec:rec|current_n[1]" lost all its fanouts during netlist optimizations.
    Info: Register "keyboard_interface:inst|ps2_rec:rec|current_n[0]" lost all its fanouts during netlist optimizations.
    Info: Register "keyboard_interface:inst|ps2_rec:rec|current_state.idle" lost all its fanouts during netlist optimizations.
    Info: Register "keyboard_interface:inst|ps2_rec:rec|current_state.receive" lost all its fanouts during netlist optimizations.
    Info: Register "keyboard_interface:inst|ps2_rec:rec|current_state.done" lost all its fanouts during netlist optimizations.
Warning: Ignored assignments for entity "Keyboard" -- entity does not exist in design
    Warning: Assignment for entity set_global_assignment -name LL_ROOT_REGION ON -entity Keyboard -section_id "Root Region" was ignored
    Warning: Assignment for entity set_global_assignment -name LL_MEMBER_STATE LOCKED -entity Keyboard -section_id "Root Region" was ignored
Warning: Design contains 3 input pin(s) that do not drive logic
    Warning (15610): No output dependent on input pin "En"
    Warning (15610): No output dependent on input pin "Clock"
    Warning (15610): No output dependent on input pin "Reset"
Info: Implemented 61 device resources after synthesis - the final resource count might be different
    Info: Implemented 3 input pins
    Info: Implemented 56 output pins
    Info: Implemented 2 bidirectional pins
Info: Quartus II Analysis & Synthesis was successful. 0 errors, 74 warnings
    Info: Peak virtual memory: 241 megabytes
    Info: Processing ended: Fri May 15 10:37:39 2015
    Info: Elapsed time: 00:00:06
    Info: Total CPU time (on all processors): 00:00:07


