Flow report for Keyboard
Fri May 15 10:38:13 2015
Quartus II Version 9.1 Build 304 01/25/2010 Service Pack 1 SJ Web Edition


---------------------
; Table of Contents ;
---------------------
  1. Legal Notice
  2. Flow Summary
  3. Flow Settings
  4. Flow Non-Default Global Settings
  5. Flow Elapsed Time
  6. Flow OS Summary
  7. Flow Log



----------------
; Legal Notice ;
----------------
Copyright (C) 1991-2010 Altera Corporation
Your use of Altera Corporation's design tools, logic functions 
and other software and tools, and its AMPP partner logic 
functions, and any output files from any of the foregoing 
(including device programming or simulation files), and any 
associated documentation or information are expressly subject 
to the terms and conditions of the Altera Program License 
Subscription Agreement, Altera MegaCore Function License 
Agreement, or other applicable license agreement, including, 
without limitation, that your use is for the sole purpose of 
programming logic devices manufactured by Altera and sold by 
Altera or its authorized distributors.  Please refer to the 
applicable agreement for further details.



+-----------------------------------------------------------------------------------+
; Flow Summary                                                                      ;
+------------------------------------+----------------------------------------------+
; Flow Status                        ; Successful - Fri May 15 10:38:13 2015        ;
; Quartus II Version                 ; 9.1 Build 304 01/25/2010 SP 1 SJ Web Edition ;
; Revision Name                      ; Keyboard                                     ;
; Top-level Entity Name              ; keyboard_interfaces                          ;
; Family                             ; Cyclone II                                   ;
; Device                             ; EP2C35F672C6                                 ;
; Timing Models                      ; Final                                        ;
; Met timing requirements            ; Yes                                          ;
; Total logic elements               ; 0 / 33,216 ( 0 % )                           ;
;     Total combinational functions  ; 0 / 33,216 ( 0 % )                           ;
;     Dedicated logic registers      ; 0 / 33,216 ( 0 % )                           ;
; Total registers                    ; 0                                            ;
; Total pins                         ; 61 / 475 ( 13 % )                            ;
; Total virtual pins                 ; 0                                            ;
; Total memory bits                  ; 0 / 483,840 ( 0 % )                          ;
; Embedded Multiplier 9-bit elements ; 0 / 70 ( 0 % )                               ;
; Total PLLs                         ; 0 / 4 ( 0 % )                                ;
+------------------------------------+----------------------------------------------+


+-----------------------------------------+
; Flow Settings                           ;
+-------------------+---------------------+
; Option            ; Setting             ;
+-------------------+---------------------+
; Start date & time ; 05/15/2015 10:37:35 ;
; Main task         ; Compilation         ;
; Revision Name     ; Keyboard            ;
+-------------------+---------------------+


+-----------------------------------------------------------------------------------------------------------------------------+
; Flow Non-Default Global Settings                                                                                            ;
+------------------------------------+---------------------------------+---------------+---------------------+----------------+
; Assignment Name                    ; Value                           ; Default Value ; Entity Name         ; Section Id     ;
+------------------------------------+---------------------------------+---------------+---------------------+----------------+
; COMPILER_SIGNATURE_ID              ; 202818003299854.143170065402452 ; --            ; --                  ; --             ;
; MAX_CORE_JUNCTION_TEMP             ; 85                              ; --            ; --                  ; --             ;
; MIN_CORE_JUNCTION_TEMP             ; 0                               ; --            ; --                  ; --             ;
; PARTITION_COLOR                    ; 16764057                        ; --            ; keyboard_interfaces ; Top            ;
; PARTITION_NETLIST_TYPE             ; SOURCE                          ; --            ; keyboard_interfaces ; Top            ;
; TOP_LEVEL_ENTITY                   ; keyboard_interfaces             ; Keyboard      ; --                  ; --             ;
; USE_GENERATED_PHYSICAL_CONSTRAINTS ; Off                             ; --            ; --                  ; eda_blast_fpga ;
+------------------------------------+---------------------------------+---------------+---------------------+----------------+


+-----------------------------------------------------------------------------------------------------------------------------+
; Flow Elapsed Time                                                                                                           ;
+-------------------------+--------------+-------------------------+---------------------+------------------------------------+
; Module Name             ; Elapsed Time ; Average Processors Used ; Peak Virtual Memory ; Total CPU Time (on all processors) ;
+-------------------------+--------------+-------------------------+---------------------+------------------------------------+
; Analysis & Synthesis    ; 00:00:06     ; 1.0                     ; 241 MB              ; 00:00:06                           ;
; Fitter                  ; 00:00:16     ; 1.0                     ; 285 MB              ; 00:00:20                           ;
; Assembler               ; 00:00:08     ; 1.0                     ; 263 MB              ; 00:00:07                           ;
; Classic Timing Analyzer ; 00:00:01     ; 1.0                     ; 165 MB              ; 00:00:01                           ;
; Total                   ; 00:00:31     ; --                      ; --                  ; 00:00:34                           ;
+-------------------------+--------------+-------------------------+---------------------+------------------------------------+


+------------------------------------------------------------------------------------------+
; Flow OS Summary                                                                          ;
+-------------------------+------------------+---------------+------------+----------------+
; Module Name             ; Machine Hostname ; OS Name       ; OS Version ; Processor type ;
+-------------------------+------------------+---------------+------------+----------------+
; Analysis & Synthesis    ; Brandon          ; Windows Vista ; 6.2        ; x86_64         ;
; Fitter                  ; Brandon          ; Windows Vista ; 6.2        ; x86_64         ;
; Assembler               ; Brandon          ; Windows Vista ; 6.2        ; x86_64         ;
; Classic Timing Analyzer ; Brandon          ; Windows Vista ; 6.2        ; x86_64         ;
+-------------------------+------------------+---------------+------------+----------------+


------------
; Flow Log ;
------------
quartus_map --read_settings_files=on --write_settings_files=off Keyboard -c Keyboard
quartus_fit --read_settings_files=off --write_settings_files=off Keyboard -c Keyboard
quartus_asm --read_settings_files=off --write_settings_files=off Keyboard -c Keyboard
quartus_tan --read_settings_files=off --write_settings_files=off Keyboard -c Keyboard --timing_analysis_only



